<?xml version="1.0" encoding="UTF-8"?>
<!-- Generated by org.testng.reporters.JUnitReportReporter -->
<testsuite hostname="MW78IXSUGM1ID0" name="TestNGClass" tests="1" failures="0" timestamp="14 Apr 2015 04:39:27 GMT" time="11.716" errors="0">
  <testcase name="launchapp" time="11.716" classname="TestNGClass"/>
</testsuite> <!-- TestNGClass -->
