<?xml version="1.0" encoding="UTF-8"?>
<!-- Generated by org.testng.reporters.JUnitReportReporter -->
<testsuite hostname="BaPs-PC" name="TestNGClass" tests="1" failures="0" timestamp="2 Jul 2015 08:18:58 GMT" time="25.626" errors="0">
  <testcase name="launchapp" time="25.626" classname="TestNGClass"/>
</testsuite> <!-- TestNGClass -->
