<?xml version="1.0" encoding="UTF-8"?>
<!-- Generated by org.testng.reporters.JUnitReportReporter -->
<testsuite hostname="dell-PC" name="TestNGClass" tests="1" failures="0" timestamp="21 Jul 2015 13:35:16 GMT" time="129.060" errors="0">
  <testcase name="launchapp" time="129.060" classname="TestNGClass"/>
</testsuite> <!-- TestNGClass -->
