<?xml version="1.0" encoding="UTF-8"?>
<!-- Generated by org.testng.reporters.JUnitReportReporter -->
<testsuite hostname="BaPs-PC" name="TestNGClass" tests="1" failures="0" timestamp="20 Jul 2015 07:25:25 GMT" time="36.301" errors="0">
  <testcase name="launchapp" time="36.301" classname="TestNGClass"/>
</testsuite> <!-- TestNGClass -->
